d:\大学\大二下\数据结构与算法设计2\basic functions\seek\debug\vc143.pdb
d:\大学\大二下\数据结构与算法设计2\basic functions\seek\debug\vc143.idb
d:\大学\大二下\数据结构与算法设计2\basic functions\seek\debug\main.obj
d:\大学\大二下\数据结构与算法设计2\basic functions\seek\debug\bst.obj
d:\大学\大二下\数据结构与算法设计2\basic functions\seek\debug\stack.obj
d:\大学\大二下\数据结构与算法设计2\basic functions\seek\debug\avltree.obj
d:\大学\大二下\数据结构与算法设计2\basic functions\seek\debug\hashtable.obj
d:\大学\大二下\数据结构与算法设计2\basic functions\debug\seek.exe
d:\大学\大二下\数据结构与算法设计2\basic functions\debug\seek.pdb
d:\大学\大二下\数据结构与算法设计2\basic functions\seek\debug\seek.ilk
d:\english_program\basic functions\seek\debug\avltree.obj
d:\english_program\basic functions\seek\debug\bst.obj
d:\english_program\basic functions\seek\debug\hashtable.obj
d:\english_program\basic functions\seek\debug\main.obj
d:\english_program\basic functions\seek\debug\stack.obj
d:\english_program\basic functions\seek\debug\seek.ilk
d:\english_program\basic functions\seek\debug\vc143.idb
d:\english_program\basic functions\seek\debug\vc143.pdb
d:\english_program\basic functions\seek\debug\seek.tlog\cl.command.1.tlog
d:\english_program\basic functions\seek\debug\seek.tlog\cl.items.tlog
d:\english_program\basic functions\seek\debug\seek.tlog\cl.read.1.tlog
d:\english_program\basic functions\seek\debug\seek.tlog\cl.write.1.tlog
d:\english_program\basic functions\seek\debug\seek.tlog\link.command.1.tlog
d:\english_program\basic functions\seek\debug\seek.tlog\link.read.1.tlog
d:\english_program\basic functions\seek\debug\seek.tlog\link.secondary.1.tlog
d:\english_program\basic functions\seek\debug\seek.tlog\link.write.1.tlog
