d:\basic functions\linear list\debug\vc143.pdb
d:\basic functions\linear list\debug\vc143.idb
d:\basic functions\linear list\debug\staticlist.obj
d:\basic functions\linear list\debug\slist.obj
d:\basic functions\linear list\debug\seqlist.obj
d:\basic functions\linear list\debug\sclist.obj
d:\basic functions\linear list\debug\main.obj
d:\basic functions\linear list\debug\dlist.obj
d:\basic functions\linear list\debug\dclist.obj
d:\basic functions\debug\linear list.exe
d:\basic functions\debug\linear list.pdb
d:\basic functions\linear list\debug\linear list.ilk
d:\english_program\basic functions\linear list\debug\dclist.obj
d:\english_program\basic functions\linear list\debug\dlist.obj
d:\english_program\basic functions\linear list\debug\main.obj
d:\english_program\basic functions\linear list\debug\sclist.obj
d:\english_program\basic functions\linear list\debug\seqlist.obj
d:\english_program\basic functions\linear list\debug\slist.obj
d:\english_program\basic functions\linear list\debug\staticlist.obj
d:\english_program\basic functions\linear list\debug\linear list.ilk
d:\english_program\basic functions\linear list\debug\vc143.idb
d:\english_program\basic functions\linear list\debug\vc143.pdb
d:\english_program\basic functions\debug\linear list.pdb
d:\english_program\basic functions\debug\linear list.exe
d:\english_program\basic functions\linear list\debug\linear list.tlog\cl.command.1.tlog
d:\english_program\basic functions\linear list\debug\linear list.tlog\cl.items.tlog
d:\english_program\basic functions\linear list\debug\linear list.tlog\cl.read.1.tlog
d:\english_program\basic functions\linear list\debug\linear list.tlog\cl.write.1.tlog
d:\english_program\basic functions\linear list\debug\linear list.tlog\link.command.1.tlog
d:\english_program\basic functions\linear list\debug\linear list.tlog\link.read.1.tlog
d:\english_program\basic functions\linear list\debug\linear list.tlog\link.secondary.1.tlog
d:\english_program\basic functions\linear list\debug\linear list.tlog\link.write.1.tlog
