d:\大学\大二下\数据结构与算法设计2\basic functions\sort\debug\vc143.pdb
d:\大学\大二下\数据结构与算法设计2\basic functions\sort\debug\vc143.idb
d:\大学\大二下\数据结构与算法设计2\basic functions\sort\debug\main.obj
d:\大学\大二下\数据结构与算法设计2\basic functions\sort\debug\functions.obj
d:\大学\大二下\数据结构与算法设计2\basic functions\debug\sort.exe
d:\大学\大二下\数据结构与算法设计2\basic functions\debug\sort.pdb
d:\大学\大二下\数据结构与算法设计2\basic functions\sort\debug\sort.ilk
d:\english_program\basic functions\sort\debug\functions.obj
d:\english_program\basic functions\sort\debug\main.obj
d:\english_program\basic functions\sort\debug\sort.ilk
d:\english_program\basic functions\sort\debug\vc143.idb
d:\english_program\basic functions\sort\debug\vc143.pdb
d:\english_program\basic functions\debug\sort.pdb
d:\english_program\basic functions\debug\sort.exe
d:\english_program\basic functions\sort\debug\sort.tlog\cl.command.1.tlog
d:\english_program\basic functions\sort\debug\sort.tlog\cl.items.tlog
d:\english_program\basic functions\sort\debug\sort.tlog\cl.read.1.tlog
d:\english_program\basic functions\sort\debug\sort.tlog\cl.write.1.tlog
d:\english_program\basic functions\sort\debug\sort.tlog\link.command.1.tlog
d:\english_program\basic functions\sort\debug\sort.tlog\link.read.1.tlog
d:\english_program\basic functions\sort\debug\sort.tlog\link.secondary.1.tlog
d:\english_program\basic functions\sort\debug\sort.tlog\link.write.1.tlog
