d:\大学\大二下\数据结构与算法设计2\basic functions\graph\debug\vc143.pdb
d:\大学\大二下\数据结构与算法设计2\basic functions\graph\debug\vc143.idb
d:\大学\大二下\数据结构与算法设计2\basic functions\graph\debug\main.obj
d:\大学\大二下\数据结构与算法设计2\basic functions\graph\debug\graphmatrix.obj
d:\大学\大二下\数据结构与算法设计2\basic functions\graph\debug\graphlink.obj
d:\大学\大二下\数据结构与算法设计2\basic functions\graph\debug\queue.obj
d:\大学\大二下\数据结构与算法设计2\basic functions\graph\debug\criticalpath.obj
d:\大学\大二下\数据结构与算法设计2\basic functions\graph\debug\mintree.obj
d:\大学\大二下\数据结构与算法设计2\basic functions\debug\graph.exe
d:\大学\大二下\数据结构与算法设计2\basic functions\debug\graph.pdb
d:\大学\大二下\数据结构与算法设计2\basic functions\graph\debug\graph.ilk
d:\english_program\basic functions\graph\debug\criticalpath.obj
d:\english_program\basic functions\graph\debug\graphlink.obj
d:\english_program\basic functions\graph\debug\graphmatrix.obj
d:\english_program\basic functions\graph\debug\main.obj
d:\english_program\basic functions\graph\debug\mintree.obj
d:\english_program\basic functions\graph\debug\prim.obj
d:\english_program\basic functions\graph\debug\queue.obj
d:\english_program\basic functions\graph\debug\graph.ilk
d:\english_program\basic functions\graph\debug\vc143.idb
d:\english_program\basic functions\graph\debug\vc143.pdb
d:\english_program\basic functions\graph\debug\graph.tlog\cl.command.1.tlog
d:\english_program\basic functions\graph\debug\graph.tlog\cl.items.tlog
d:\english_program\basic functions\graph\debug\graph.tlog\cl.read.1.tlog
d:\english_program\basic functions\graph\debug\graph.tlog\cl.write.1.tlog
d:\english_program\basic functions\graph\debug\graph.tlog\link.command.1.tlog
d:\english_program\basic functions\graph\debug\graph.tlog\link.read.1.tlog
d:\english_program\basic functions\graph\debug\graph.tlog\link.secondary.1.tlog
d:\english_program\basic functions\graph\debug\graph.tlog\link.write.1.tlog
