d:\大学\大二下\数据结构与算法设计2\basic functions\stack\debug\vc143.pdb
d:\大学\大二下\数据结构与算法设计2\basic functions\stack\debug\vc143.idb
d:\大学\大二下\数据结构与算法设计2\basic functions\stack\debug\main.obj
d:\大学\大二下\数据结构与算法设计2\basic functions\stack\debug\linkstack.obj
d:\大学\大二下\数据结构与算法设计2\basic functions\stack\debug\seqstack.obj
d:\大学\大二下\数据结构与算法设计2\basic functions\debug\stack.exe
d:\大学\大二下\数据结构与算法设计2\basic functions\debug\stack.pdb
d:\大学\大二下\数据结构与算法设计2\basic functions\stack\debug\stack.ilk
d:\english_program\basic functions\stack\debug\linkstack.obj
d:\english_program\basic functions\stack\debug\main.obj
d:\english_program\basic functions\stack\debug\seqstack.obj
d:\english_program\basic functions\stack\debug\stack.ilk
d:\english_program\basic functions\stack\debug\vc143.idb
d:\english_program\basic functions\stack\debug\vc143.pdb
d:\english_program\basic functions\stack\debug\stack.tlog\cl.command.1.tlog
d:\english_program\basic functions\stack\debug\stack.tlog\cl.items.tlog
d:\english_program\basic functions\stack\debug\stack.tlog\cl.read.1.tlog
d:\english_program\basic functions\stack\debug\stack.tlog\cl.write.1.tlog
d:\english_program\basic functions\stack\debug\stack.tlog\link.command.1.tlog
d:\english_program\basic functions\stack\debug\stack.tlog\link.read.1.tlog
d:\english_program\basic functions\stack\debug\stack.tlog\link.secondary.1.tlog
d:\english_program\basic functions\stack\debug\stack.tlog\link.write.1.tlog
