d:\大学\大二下\数据结构与算法设计2\basic functions\tree\debug\vc143.pdb
d:\大学\大二下\数据结构与算法设计2\basic functions\tree\debug\vc143.idb
d:\大学\大二下\数据结构与算法设计2\basic functions\tree\debug\main.obj
d:\大学\大二下\数据结构与算法设计2\basic functions\tree\debug\queue.obj
d:\大学\大二下\数据结构与算法设计2\basic functions\tree\debug\bintree.obj
d:\大学\大二下\数据结构与算法设计2\basic functions\tree\debug\stack.obj
d:\大学\大二下\数据结构与算法设计2\basic functions\tree\debug\threadbintree.obj
d:\大学\大二下\数据结构与算法设计2\basic functions\tree\debug\tree.obj
d:\大学\大二下\数据结构与算法设计2\basic functions\debug\tree.exe
d:\大学\大二下\数据结构与算法设计2\basic functions\debug\tree.pdb
d:\大学\大二下\数据结构与算法设计2\basic functions\tree\debug\tree.ilk
d:\english_program\basic functions\tree\debug\bintree.obj
d:\english_program\basic functions\tree\debug\main.obj
d:\english_program\basic functions\tree\debug\queue.obj
d:\english_program\basic functions\tree\debug\stack.obj
d:\english_program\basic functions\tree\debug\threadbintree.obj
d:\english_program\basic functions\tree\debug\tree.obj
d:\english_program\basic functions\tree\debug\tree.ilk
d:\english_program\basic functions\tree\debug\vc143.idb
d:\english_program\basic functions\tree\debug\vc143.pdb
d:\english_program\basic functions\tree\debug\tree.tlog\cl.command.1.tlog
d:\english_program\basic functions\tree\debug\tree.tlog\cl.items.tlog
d:\english_program\basic functions\tree\debug\tree.tlog\cl.read.1.tlog
d:\english_program\basic functions\tree\debug\tree.tlog\cl.write.1.tlog
d:\english_program\basic functions\tree\debug\tree.tlog\link.command.1.tlog
d:\english_program\basic functions\tree\debug\tree.tlog\link.read.1.tlog
d:\english_program\basic functions\tree\debug\tree.tlog\link.secondary.1.tlog
d:\english_program\basic functions\tree\debug\tree.tlog\link.write.1.tlog
